# JRE version: Java(TM) SE Runtime Environment (22.0.2+9) (build 22.0.2+9-70)
# Java VM: Java HotSpot(TM) 64-Bit Server VM (22.0.2+9-70, mixed mode, sharing, tiered, compressed oops, compressed class ptrs, g1 gc, windows-amd64)
GC Precious Log:
 CardTable entry size: 512
 Card Set container configuration: InlinePtr #cards 4 size 8 Array Of Cards #cards 16 size 48 Howl #buckets 8 coarsen threshold 3686 Howl Bitmap #cards 512 size 80 coarsen threshold 460 Card regions per heap region 1 cards per card region 4096
 CPUs: 12 total, 12 available
 Memory: 15556M
 Large Page Support: Disabled
 NUMA Support: Disabled
 Compressed Oops: Enabled (Zero based)
 Heap Region Size: 2M
 Heap Min Capacity: 8M
 Heap Initial Capacity: 244M
 Heap Max Capacity: 3890M
 Pre-touch: Disabled
 Parallel Workers: 10
 Concurrent Workers: 3
 Concurrent Refinement Workers: 10
 Periodic GC: Disabled
Heap:
 garbage-first heap   total reserved 3983360K, committed 249856K, used 76209K [0x000000070ce00000, 0x0000000800000000)
  region size 2048K, 32 young (65536K), 1 survivors (2048K)
 Metaspace       used 11867K, committed 12224K, reserved 1114112K
  class space    used 1206K, committed 1344K, reserved 1048576K
GC Heap History (20 events):
Event: 1.462 GC heap before
{Heap before GC invocations=0 (full 0):
 garbage-first heap   total reserved 3983360K, committed 249856K, used 24576K [0x000000070ce00000, 0x0000000800000000)
  region size 2048K, 12 young (24576K), 0 survivors (0K)
 Metaspace       used 9498K, committed 9728K, reserved 1114112K
  class space    used 957K, committed 1024K, reserved 1048576K
}
Event: 1.465 GC heap after
{Heap after GC invocations=1 (full 0):
 garbage-first heap   total reserved 3983360K, committed 249856K, used 3977K [0x000000070ce00000, 0x0000000800000000)
  region size 2048K, 2 young (4096K), 2 survivors (4096K)
 Metaspace       used 9498K, committed 9728K, reserved 1114112K
  class space    used 957K, committed 1024K, reserved 1048576K
}
Event: 4.804 GC heap before
{Heap before GC invocations=1 (full 0):
 garbage-first heap   total reserved 3983360K, committed 249856K, used 42889K [0x000000070ce00000, 0x0000000800000000)
  region size 2048K, 21 young (43008K), 2 survivors (4096K)
 Metaspace       used 9545K, committed 9728K, reserved 1114112K
  class space    used 958K, committed 1024K, reserved 1048576K
}
Event: 4.806 GC heap after
{Heap after GC invocations=2 (full 0):
 garbage-first heap   total reserved 3983360K, committed 249856K, used 4379K [0x000000070ce00000, 0x0000000800000000)
  region size 2048K, 1 young (2048K), 1 survivors (2048K)
 Metaspace       used 9545K, committed 9728K, reserved 1114112K
  class space    used 958K, committed 1024K, reserved 1048576K
}
Event: 13.943 GC heap before
{Heap before GC invocations=2 (full 0):
 garbage-first heap   total reserved 3983360K, committed 249856K, used 151835K [0x000000070ce00000, 0x0000000800000000)
  region size 2048K, 73 young (149504K), 1 survivors (2048K)
 Metaspace       used 11544K, committed 11840K, reserved 1114112K
  class space    used 1187K, committed 1344K, reserved 1048576K
}
Event: 13.944 GC heap after
{Heap after GC invocations=3 (full 0):
 garbage-first heap   total reserved 3983360K, committed 249856K, used 4504K [0x000000070ce00000, 0x0000000800000000)
  region size 2048K, 1 young (2048K), 1 survivors (2048K)
 Metaspace       used 11544K, committed 11840K, reserved 1114112K
  class space    used 1187K, committed 1344K, reserved 1048576K
}
Event: 25.513 GC heap before
{Heap before GC invocations=3 (full 0):
 garbage-first heap   total reserved 3983360K, committed 249856K, used 151960K [0x000000070ce00000, 0x0000000800000000)
  region size 2048K, 73 young (149504K), 1 survivors (2048K)
 Metaspace       used 11550K, committed 11840K, reserved 1114112K
  class space    used 1187K, committed 1344K, reserved 1048576K
}
Event: 25.514 GC heap after
{Heap after GC invocations=4 (full 0):
 garbage-first heap   total reserved 3983360K, committed 249856K, used 4490K [0x000000070ce00000, 0x0000000800000000)
  region size 2048K, 1 young (2048K), 1 survivors (2048K)
 Metaspace       used 11550K, committed 11840K, reserved 1114112K
  class space    used 1187K, committed 1344K, reserved 1048576K
}
Event: 36.130 GC heap before
{Heap before GC invocations=4 (full 0):
 garbage-first heap   total reserved 3983360K, committed 249856K, used 151946K [0x000000070ce00000, 0x0000000800000000)
  region size 2048K, 73 young (149504K), 1 survivors (2048K)
 Metaspace       used 11553K, committed 11840K, reserved 1114112K
  class space    used 1187K, committed 1344K, reserved 1048576K
}
Event: 36.131 GC heap after
{Heap after GC invocations=5 (full 0):
 garbage-first heap   total reserved 3983360K, committed 249856K, used 4463K [0x000000070ce00000, 0x0000000800000000)
  region size 2048K, 1 young (2048K), 1 survivors (2048K)
 Metaspace       used 11553K, committed 11840K, reserved 1114112K
  class space    used 1187K, committed 1344K, reserved 1048576K
}
Event: 46.683 GC heap before
{Heap before GC invocations=5 (full 0):
 garbage-first heap   total reserved 3983360K, committed 249856K, used 151919K [0x000000070ce00000, 0x0000000800000000)
  region size 2048K, 73 young (149504K), 1 survivors (2048K)
 Metaspace       used 11554K, committed 11840K, reserved 1114112K
  class space    used 1187K, committed 1344K, reserved 1048576K
}
Event: 46.684 GC heap after
{Heap after GC invocations=6 (full 0):
 garbage-first heap   total reserved 3983360K, committed 249856K, used 4467K [0x000000070ce00000, 0x0000000800000000)
  region size 2048K, 1 young (2048K), 1 survivors (2048K)
 Metaspace       used 11554K, committed 11840K, reserved 1114112K
  class space    used 1187K, committed 1344K, reserved 1048576K
}
Event: 57.359 GC heap before
{Heap before GC invocations=6 (full 0):
 garbage-first heap   total reserved 3983360K, committed 249856K, used 151923K [0x000000070ce00000, 0x0000000800000000)
  region size 2048K, 73 young (149504K), 1 survivors (2048K)
 Metaspace       used 11556K, committed 11840K, reserved 1114112K
  class space    used 1187K, committed 1344K, reserved 1048576K
}
Event: 57.360 GC heap after
{Heap after GC invocations=7 (full 0):
 garbage-first heap   total reserved 3983360K, committed 249856K, used 4472K [0x000000070ce00000, 0x0000000800000000)
  region size 2048K, 1 young (2048K), 1 survivors (2048K)
 Metaspace       used 11556K, committed 11840K, reserved 1114112K
  class space    used 1187K, committed 1344K, reserved 1048576K
}
Event: 68.687 GC heap before
{Heap before GC invocations=7 (full 0):
 garbage-first heap   total reserved 3983360K, committed 249856K, used 151928K [0x000000070ce00000, 0x0000000800000000)
  region size 2048K, 73 young (149504K), 1 survivors (2048K)
 Metaspace       used 11613K, committed 11904K, reserved 1114112K
  class space    used 1194K, committed 1344K, reserved 1048576K
}
Event: 68.687 GC heap after
{Heap after GC invocations=8 (full 0):
 garbage-first heap   total reserved 3983360K, committed 249856K, used 4470K [0x000000070ce00000, 0x0000000800000000)
  region size 2048K, 1 young (2048K), 1 survivors (2048K)
 Metaspace       used 11613K, committed 11904K, reserved 1114112K
  class space    used 1194K, committed 1344K, reserved 1048576K
}
Event: 79.224 GC heap before
{Heap before GC invocations=8 (full 0):
 garbage-first heap   total reserved 3983360K, committed 249856K, used 151926K [0x000000070ce00000, 0x0000000800000000)
  region size 2048K, 73 young (149504K), 1 survivors (2048K)
 Metaspace       used 11616K, committed 11904K, reserved 1114112K
  class space    used 1194K, committed 1344K, reserved 1048576K
}
Event: 79.225 GC heap after
{Heap after GC invocations=9 (full 0):
 garbage-first heap   total reserved 3983360K, committed 249856K, used 4454K [0x000000070ce00000, 0x0000000800000000)
  region size 2048K, 1 young (2048K), 1 survivors (2048K)
 Metaspace       used 11616K, committed 11904K, reserved 1114112K
  class space    used 1194K, committed 1344K, reserved 1048576K
}
Event: 101.562 GC heap before
{Heap before GC invocations=9 (full 0):
 garbage-first heap   total reserved 3983360K, committed 249856K, used 162150K [0x000000070ce00000, 0x0000000800000000)
  region size 2048K, 73 young (149504K), 1 survivors (2048K)
 Metaspace       used 11846K, committed 12160K, reserved 1114112K
  class space    used 1206K, committed 1344K, reserved 1048576K
}
Event: 101.563 GC heap after
{Heap after GC invocations=10 (full 0):
 garbage-first heap   total reserved 3983360K, committed 249856K, used 14769K [0x000000070ce00000, 0x0000000800000000)
  region size 2048K, 1 young (2048K), 1 survivors (2048K)
 Metaspace       used 11846K, committed 12160K, reserved 1114112K
  class space    used 1206K, committed 1344K, reserved 1048576K
}

